#
# There is insufficient memory for the Java Runtime Environment to continue.
# Native memory allocation (malloc) failed to allocate 715849728 bytes for committing reserved memory.
# Possible reasons:
#   The system is out of physical RAM or swap space
#   In 32 bit mode, the process size limit was hit
# Possible solutions:
#   Reduce memory load on the system
#   Increase physical memory or swap space
#   Check if swap backing store is full
#   Use 64 bit Java on a 64 bit OS
#   Decrease Java heap size (-Xmx/-Xms)
#   Decrease number of Java threads
#   Decrease Java thread stack sizes (-Xss)
#   Set larger code cache with -XX:ReservedCodeCacheSize=
# This output file may be truncated or incomplete.
#
#  Out of Memory Error (os_linux.cpp:2745), pid=30378, tid=3065563968
#
# JRE version:  (7.0_65-b17) (build )
# Java VM: Java HotSpot(TM) Client VM (24.65-b04 mixed mode linux-x86 )
# Failed to write core dump. Core dumps have been disabled. To enable core dumping, try "ulimit -c unlimited" before starting Java again
#

---------------  T H R E A D  ---------------

Current thread (0xb6a07400):  JavaThread "Unknown thread" [_thread_in_vm, id=30418, stack(0xb6b3c000,0xb6b8d000)]

Stack: [0xb6b3c000,0xb6b8d000],  sp=0xb6b8bab0,  free space=318k
Native frames: (J=compiled Java code, j=interpreted, Vv=VM code, C=native code)
V  [libjvm.so+0x50d7c6]  VMError::report_and_die()+0x1a6
V  [libjvm.so+0x1de1e2]  report_vm_out_of_memory(char const*, int, unsigned int, char const*)+0x72
V  [libjvm.so+0x4082d1]  os::Linux::commit_memory_impl(char*, unsigned int, bool)+0xe1
V  [libjvm.so+0x408798]  os::pd_commit_memory(char*, unsigned int, unsigned int, bool)+0x28
V  [libjvm.so+0x401f0c]  os::commit_memory(char*, unsigned int, unsigned int, bool)+0x2c
V  [libjvm.so+0x5093dc]  VirtualSpace::expand_by(unsigned int, bool)+0x20c
V  [libjvm.so+0x50954d]  VirtualSpace::initialize(ReservedSpace, unsigned int)+0xad
V  [libjvm.so+0x25b6ea]  CardGeneration::CardGeneration(ReservedSpace, unsigned int, int, GenRemSet*)+0x9a
V  [libjvm.so+0x4ceb72]  TenuredGeneration::TenuredGeneration(ReservedSpace, unsigned int, int, GenRemSet*)+0x42
V  [libjvm.so+0x25c816]  GenerationSpec::init(ReservedSpace, int, GenRemSet*)+0x2a6
V  [libjvm.so+0x2505f9]  GenCollectedHeap::initialize()+0x299
V  [libjvm.so+0x4e5864]  Universe::initialize_heap()+0xa4
V  [libjvm.so+0x4e6e95]  universe_init()+0x55
V  [libjvm.so+0x277435]  init_globals()+0x55
V  [libjvm.so+0x4d9a80]  Threads::create_vm(JavaVMInitArgs*, bool*)+0x200
V  [libjvm.so+0x2e9d3c]  JNI_CreateJavaVM+0x5c
C  [libjli.so+0x2668]  JavaMain+0x98
C  [libpthread.so.0+0x6f70]  start_thread+0xd0


---------------  P R O C E S S  ---------------

Java Threads: ( => current thread )

Other Threads:

=>0xb6a07400 (exited) JavaThread "Unknown thread" [_thread_in_vm, id=30418, stack(0xb6b3c000,0xb6b8d000)]

VM state:not at safepoint (not fully initialized)

VM Mutex/Monitor currently owned by a thread: None

GC Heap History (0 events):
No events

Deoptimization events (0 events):
No events

Internal exceptions (0 events):
No events

Events (0 events):
No events


Dynamic libraries:
08048000-08049000 r-xp 00000000 08:01 1313433    /usr/local/jdk1.7.0_65/bin/java
08049000-0804a000 rw-p 00000000 08:01 1313433    /usr/local/jdk1.7.0_65/bin/java
0998a000-099ab000 rw-p 00000000 00:00 0          [heap]
6457f000-6462a000 rw-p 00000000 00:00 0 
6462a000-647ff000 rw-p 00000000 00:00 0 
647ff000-79d50000 rw-p 00000000 00:00 0 
a4716000-a4800000 rw-p 00000000 00:00 0 
a4800000-b4800000 rw-p 00000000 00:00 0 
b48c2000-b4926000 rw-p 00000000 00:00 0 
b4926000-b49a5000 rw-p 00000000 00:00 0 
b49a5000-b49cd000 rwxp 00000000 00:00 0 
b49cd000-b69a5000 rw-p 00000000 00:00 0 
b69a5000-b69bc000 r-xp 00000000 08:01 1312606    /usr/local/jdk1.7.0_65/jre/lib/i386/libzip.so
b69bc000-b69bd000 rw-p 00017000 08:01 1312606    /usr/local/jdk1.7.0_65/jre/lib/i386/libzip.so
b69bd000-b69c8000 r-xp 00000000 08:01 1180667    /lib/i386-linux-gnu/libnss_files-2.19.so
b69c8000-b69c9000 r--p 0000a000 08:01 1180667    /lib/i386-linux-gnu/libnss_files-2.19.so
b69c9000-b69ca000 rw-p 0000b000 08:01 1180667    /lib/i386-linux-gnu/libnss_files-2.19.so
b69ca000-b69d4000 r-xp 00000000 08:01 1180671    /lib/i386-linux-gnu/libnss_nis-2.19.so
b69d4000-b69d5000 r--p 00009000 08:01 1180671    /lib/i386-linux-gnu/libnss_nis-2.19.so
b69d5000-b69d6000 rw-p 0000a000 08:01 1180671    /lib/i386-linux-gnu/libnss_nis-2.19.so
b69d6000-b69eb000 r-xp 00000000 08:01 1180661    /lib/i386-linux-gnu/libnsl-2.19.so
b69eb000-b69ec000 r--p 00015000 08:01 1180661    /lib/i386-linux-gnu/libnsl-2.19.so
b69ec000-b69ed000 rw-p 00016000 08:01 1180661    /lib/i386-linux-gnu/libnsl-2.19.so
b69ed000-b69ef000 rw-p 00000000 00:00 0 
b69f8000-b6a00000 rw-s 00000000 08:01 917771     /tmp/hsperfdata_mads/30378
b6a00000-b6a22000 rw-p 00000000 00:00 0 
b6a22000-b6b00000 ---p 00000000 00:00 0 
b6b06000-b6b0d000 r-xp 00000000 08:01 1180663    /lib/i386-linux-gnu/libnss_compat-2.19.so
b6b0d000-b6b0e000 r--p 00006000 08:01 1180663    /lib/i386-linux-gnu/libnss_compat-2.19.so
b6b0e000-b6b0f000 rw-p 00007000 08:01 1180663    /lib/i386-linux-gnu/libnss_compat-2.19.so
b6b0f000-b6b32000 r-xp 00000000 08:01 1312576    /usr/local/jdk1.7.0_65/jre/lib/i386/libjava.so
b6b32000-b6b33000 rw-p 00023000 08:01 1312576    /usr/local/jdk1.7.0_65/jre/lib/i386/libjava.so
b6b33000-b6b3a000 r-xp 00000000 08:01 1180714    /lib/i386-linux-gnu/librt-2.19.so
b6b3a000-b6b3b000 r--p 00006000 08:01 1180714    /lib/i386-linux-gnu/librt-2.19.so
b6b3b000-b6b3c000 rw-p 00007000 08:01 1180714    /lib/i386-linux-gnu/librt-2.19.so
b6b3c000-b6b3f000 ---p 00000000 00:00 0 
b6b3f000-b6b8d000 rw-p 00000000 00:00 0          [stack:30418]
b6b8d000-b6bd1000 r-xp 00000000 08:01 1180642    /lib/i386-linux-gnu/libm-2.19.so
b6bd1000-b6bd2000 r--p 00043000 08:01 1180642    /lib/i386-linux-gnu/libm-2.19.so
b6bd2000-b6bd3000 rw-p 00044000 08:01 1180642    /lib/i386-linux-gnu/libm-2.19.so
b6bd3000-b7164000 r-xp 00000000 08:01 1312593    /usr/local/jdk1.7.0_65/jre/lib/i386/client/libjvm.so
b7164000-b7185000 rw-p 00591000 08:01 1312593    /usr/local/jdk1.7.0_65/jre/lib/i386/client/libjvm.so
b7185000-b75a6000 rw-p 00000000 00:00 0 
b75a6000-b774f000 r-xp 00000000 08:01 1180592    /lib/i386-linux-gnu/libc-2.19.so
b774f000-b7751000 r--p 001a9000 08:01 1180592    /lib/i386-linux-gnu/libc-2.19.so
b7751000-b7752000 rw-p 001ab000 08:01 1180592    /lib/i386-linux-gnu/libc-2.19.so
b7752000-b7755000 rw-p 00000000 00:00 0 
b7755000-b7758000 r-xp 00000000 08:01 1180609    /lib/i386-linux-gnu/libdl-2.19.so
b7758000-b7759000 r--p 00002000 08:01 1180609    /lib/i386-linux-gnu/libdl-2.19.so
b7759000-b775a000 rw-p 00003000 08:01 1180609    /lib/i386-linux-gnu/libdl-2.19.so
b775a000-b775b000 rw-p 00000000 00:00 0 
b775b000-b776e000 r-xp 00000000 08:01 1327558    /usr/local/jdk1.7.0_65/lib/i386/jli/libjli.so
b776e000-b776f000 rw-p 00012000 08:01 1327558    /usr/local/jdk1.7.0_65/lib/i386/jli/libjli.so
b776f000-b7787000 r-xp 00000000 08:01 1180706    /lib/i386-linux-gnu/libpthread-2.19.so
b7787000-b7788000 r--p 00017000 08:01 1180706    /lib/i386-linux-gnu/libpthread-2.19.so
b7788000-b7789000 rw-p 00018000 08:01 1180706    /lib/i386-linux-gnu/libpthread-2.19.so
b7789000-b778c000 rw-p 00000000 00:00 0 
b778c000-b778f000 rw-p 00000000 00:00 0 
b778f000-b7790000 r--p 00000000 00:00 0 
b7790000-b779b000 r-xp 00000000 08:01 1313386    /usr/local/jdk1.7.0_65/jre/lib/i386/libverify.so
b779b000-b779c000 rw-p 0000b000 08:01 1313386    /usr/local/jdk1.7.0_65/jre/lib/i386/libverify.so
b779c000-b779e000 rw-p 00000000 00:00 0 
b779e000-b779f000 r-xp 00000000 00:00 0          [vdso]
b779f000-b77bf000 r-xp 00000000 08:01 1180568    /lib/i386-linux-gnu/ld-2.19.so
b77bf000-b77c0000 r--p 0001f000 08:01 1180568    /lib/i386-linux-gnu/ld-2.19.so
b77c0000-b77c1000 rw-p 00020000 08:01 1180568    /lib/i386-linux-gnu/ld-2.19.so
bf7c0000-bf7c1000 rwxp 00000000 00:00 0 
bf7f3000-bf814000 rw-p 00000000 00:00 0          [stack]

VM Arguments:
jvm_args: -Dactivator.home=/usr/local/activator-1.2.3-minimal -Xms1024m -Xmx1024m -XX:PermSize=64m -XX:MaxPermSize=256m 
java_command: /usr/local/activator-1.2.3-minimal/activator-launch-1.2.3.jar test
Launcher Type: SUN_STANDARD

Environment Variables:
JAVA_HOME=/usr/local/java
PATH=/usr/local/heroku/bin:/usr/local/sbin:/usr/local/bin:/usr/sbin:/usr/bin:/sbin:/bin:/usr/games:/usr/local/games:/usr/local/java/bin:/usr/local/activator-1.2.3-minimal/:/usr/local/sublime2
SHELL=/bin/bash
DISPLAY=:0.0

Signal Handlers:
SIGSEGV: [libjvm.so+0x50e2d0], sa_mask[0]=0x7ffbfeff, sa_flags=0x10000004
SIGBUS: [libjvm.so+0x50e2d0], sa_mask[0]=0x7ffbfeff, sa_flags=0x10000004
SIGFPE: [libjvm.so+0x404e80], sa_mask[0]=0x7ffbfeff, sa_flags=0x10000004
SIGPIPE: [libjvm.so+0x404e80], sa_mask[0]=0x7ffbfeff, sa_flags=0x10000004
SIGXFSZ: [libjvm.so+0x404e80], sa_mask[0]=0x7ffbfeff, sa_flags=0x10000004
SIGILL: [libjvm.so+0x404e80], sa_mask[0]=0x7ffbfeff, sa_flags=0x10000004
SIGUSR1: SIG_DFL, sa_mask[0]=0x00000000, sa_flags=0x00000000
SIGUSR2: [libjvm.so+0x406680], sa_mask[0]=0x00000000, sa_flags=0x10000004
SIGHUP: SIG_DFL, sa_mask[0]=0x00000000, sa_flags=0x00000000
SIGINT: SIG_DFL, sa_mask[0]=0x00000000, sa_flags=0x00000000
SIGTERM: SIG_DFL, sa_mask[0]=0x00000000, sa_flags=0x00000000
SIGQUIT: SIG_DFL, sa_mask[0]=0x00000000, sa_flags=0x00000000


---------------  S Y S T E M  ---------------

OS:jessie/sid

uname:Linux 3.13.0-32-generic #57-Ubuntu SMP Tue Jul 15 03:51:12 UTC 2014 i686
libc:glibc 2.19 NPTL 2.19 
rlimit: STACK 8192k, CORE 0k, NPROC 15977, NOFILE 4096, AS infinity
load average:0.57 0.38 0.41

/proc/meminfo:
MemTotal:        2064304 kB
MemFree:          275608 kB
Buffers:            6212 kB
Cached:           190080 kB
SwapCached:       330664 kB
Active:          1037988 kB
Inactive:         693772 kB
Active(anon):     948488 kB
Inactive(anon):   615120 kB
Active(file):      89500 kB
Inactive(file):    78652 kB
Unevictable:          32 kB
Mlocked:              32 kB
HighTotal:       1183688 kB
HighFree:         115812 kB
LowTotal:         880616 kB
LowFree:          159796 kB
SwapTotal:       1838076 kB
SwapFree:          38888 kB
Dirty:               264 kB
Writeback:             0 kB
AnonPages:       1205056 kB
Mapped:            82080 kB
Shmem:             28148 kB
Slab:              25464 kB
SReclaimable:      13104 kB
SUnreclaim:        12360 kB
KernelStack:        3936 kB
PageTables:        17156 kB
NFS_Unstable:          0 kB
Bounce:                0 kB
WritebackTmp:          0 kB
CommitLimit:     2870228 kB
Committed_AS:   10154092 kB
VmallocTotal:     122880 kB
VmallocUsed:       24956 kB
VmallocChunk:      93612 kB
HardwareCorrupted:     0 kB
AnonHugePages:    929792 kB
HugePages_Total:       0
HugePages_Free:        0
HugePages_Rsvd:        0
HugePages_Surp:        0
Hugepagesize:       2048 kB
DirectMap4k:       20472 kB
DirectMap2M:      892928 kB


CPU:total 1 (1 cores per cpu, 1 threads per core) family 6 model 23 stepping 10, cmov, cx8, fxsr, mmx, sse, sse2, sse3, ssse3, tsc

/proc/cpuinfo:
processor	: 0
vendor_id	: GenuineIntel
cpu family	: 6
model		: 23
model name	: Pentium(R) Dual-Core  CPU      E5800  @ 3.20GHz
stepping	: 10
microcode	: 0x60b
cpu MHz		: 3084.977
cache size	: 6144 KB
physical id	: 0
siblings	: 1
core id		: 0
cpu cores	: 1
apicid		: 0
initial apicid	: 0
fdiv_bug	: no
f00f_bug	: no
coma_bug	: no
fpu		: yes
fpu_exception	: yes
cpuid level	: 5
wp		: yes
flags		: fpu vme de pse tsc msr pae mce cx8 apic sep mtrr pge mca cmov pat pse36 clflush mmx fxsr sse sse2 nx constant_tsc pni monitor ssse3
bogomips	: 6169.95
clflush size	: 64
cache_alignment	: 64
address sizes	: 36 bits physical, 48 bits virtual
power management:



Memory: 4k page, physical 2064304k(275360k free), swap 1838076k(38888k free)

vm_info: Java HotSpot(TM) Client VM (24.65-b04) for linux-x86 JRE (1.7.0_65-b17), built on Jun 16 2014 20:32:26 by "java_re" with gcc 4.3.0 20080428 (Red Hat 4.3.0-8)

time: Wed Nov 12 23:26:05 2014
elapsed time: 0 seconds

