#
# There is insufficient memory for the Java Runtime Environment to continue.
# Native memory allocation (malloc) failed to allocate 715849728 bytes for committing reserved memory.
# Possible reasons:
#   The system is out of physical RAM or swap space
#   In 32 bit mode, the process size limit was hit
# Possible solutions:
#   Reduce memory load on the system
#   Increase physical memory or swap space
#   Check if swap backing store is full
#   Use 64 bit Java on a 64 bit OS
#   Decrease Java heap size (-Xmx/-Xms)
#   Decrease number of Java threads
#   Decrease Java thread stack sizes (-Xss)
#   Set larger code cache with -XX:ReservedCodeCacheSize=
# This output file may be truncated or incomplete.
#
#  Out of Memory Error (os_linux.cpp:2745), pid=30419, tid=3065379648
#
# JRE version:  (7.0_65-b17) (build )
# Java VM: Java HotSpot(TM) Client VM (24.65-b04 mixed mode linux-x86 )
# Failed to write core dump. Core dumps have been disabled. To enable core dumping, try "ulimit -c unlimited" before starting Java again
#

---------------  T H R E A D  ---------------

Current thread (0xb6a07400):  JavaThread "Unknown thread" [_thread_in_vm, id=30459, stack(0xb6b0f000,0xb6b60000)]

Stack: [0xb6b0f000,0xb6b60000],  sp=0xb6b5eab0,  free space=318k
Native frames: (J=compiled Java code, j=interpreted, Vv=VM code, C=native code)
V  [libjvm.so+0x50d7c6]  VMError::report_and_die()+0x1a6
V  [libjvm.so+0x1de1e2]  report_vm_out_of_memory(char const*, int, unsigned int, char const*)+0x72
V  [libjvm.so+0x4082d1]  os::Linux::commit_memory_impl(char*, unsigned int, bool)+0xe1
V  [libjvm.so+0x408798]  os::pd_commit_memory(char*, unsigned int, unsigned int, bool)+0x28
V  [libjvm.so+0x401f0c]  os::commit_memory(char*, unsigned int, unsigned int, bool)+0x2c
V  [libjvm.so+0x5093dc]  VirtualSpace::expand_by(unsigned int, bool)+0x20c
V  [libjvm.so+0x50954d]  VirtualSpace::initialize(ReservedSpace, unsigned int)+0xad
V  [libjvm.so+0x25b6ea]  CardGeneration::CardGeneration(ReservedSpace, unsigned int, int, GenRemSet*)+0x9a
V  [libjvm.so+0x4ceb72]  TenuredGeneration::TenuredGeneration(ReservedSpace, unsigned int, int, GenRemSet*)+0x42
V  [libjvm.so+0x25c816]  GenerationSpec::init(ReservedSpace, int, GenRemSet*)+0x2a6
V  [libjvm.so+0x2505f9]  GenCollectedHeap::initialize()+0x299
V  [libjvm.so+0x4e5864]  Universe::initialize_heap()+0xa4
V  [libjvm.so+0x4e6e95]  universe_init()+0x55
V  [libjvm.so+0x277435]  init_globals()+0x55
V  [libjvm.so+0x4d9a80]  Threads::create_vm(JavaVMInitArgs*, bool*)+0x200
V  [libjvm.so+0x2e9d3c]  JNI_CreateJavaVM+0x5c
C  [libjli.so+0x2668]  JavaMain+0x98
C  [libpthread.so.0+0x6f70]  start_thread+0xd0


---------------  P R O C E S S  ---------------

Java Threads: ( => current thread )

Other Threads:

=>0xb6a07400 (exited) JavaThread "Unknown thread" [_thread_in_vm, id=30459, stack(0xb6b0f000,0xb6b60000)]

VM state:not at safepoint (not fully initialized)

VM Mutex/Monitor currently owned by a thread: None

GC Heap History (0 events):
No events

Deoptimization events (0 events):
No events

Internal exceptions (0 events):
No events

Events (0 events):
No events


Dynamic libraries:
08048000-08049000 r-xp 00000000 08:01 1313433    /usr/local/jdk1.7.0_65/bin/java
08049000-0804a000 rw-p 00000000 08:01 1313433    /usr/local/jdk1.7.0_65/bin/java
0946f000-09490000 rw-p 00000000 00:00 0          [heap]
6457f000-6462a000 rw-p 00000000 00:00 0 
6462a000-647ff000 rw-p 00000000 00:00 0 
647ff000-79d50000 rw-p 00000000 00:00 0 
a4716000-a4800000 rw-p 00000000 00:00 0 
a4800000-b4800000 rw-p 00000000 00:00 0 
b4895000-b48f9000 rw-p 00000000 00:00 0 
b48f9000-b4978000 rw-p 00000000 00:00 0 
b4978000-b49a0000 rwxp 00000000 00:00 0 
b49a0000-b6978000 rw-p 00000000 00:00 0 
b6978000-b698f000 r-xp 00000000 08:01 1312606    /usr/local/jdk1.7.0_65/jre/lib/i386/libzip.so
b698f000-b6990000 rw-p 00017000 08:01 1312606    /usr/local/jdk1.7.0_65/jre/lib/i386/libzip.so
b6990000-b699b000 r-xp 00000000 08:01 1180667    /lib/i386-linux-gnu/libnss_files-2.19.so
b699b000-b699c000 r--p 0000a000 08:01 1180667    /lib/i386-linux-gnu/libnss_files-2.19.so
b699c000-b699d000 rw-p 0000b000 08:01 1180667    /lib/i386-linux-gnu/libnss_files-2.19.so
b699d000-b69a7000 r-xp 00000000 08:01 1180671    /lib/i386-linux-gnu/libnss_nis-2.19.so
b69a7000-b69a8000 r--p 00009000 08:01 1180671    /lib/i386-linux-gnu/libnss_nis-2.19.so
b69a8000-b69a9000 rw-p 0000a000 08:01 1180671    /lib/i386-linux-gnu/libnss_nis-2.19.so
b69a9000-b69be000 r-xp 00000000 08:01 1180661    /lib/i386-linux-gnu/libnsl-2.19.so
b69be000-b69bf000 r--p 00015000 08:01 1180661    /lib/i386-linux-gnu/libnsl-2.19.so
b69bf000-b69c0000 rw-p 00016000 08:01 1180661    /lib/i386-linux-gnu/libnsl-2.19.so
b69c0000-b69c2000 rw-p 00000000 00:00 0 
b69c2000-b69c9000 r-xp 00000000 08:01 1180663    /lib/i386-linux-gnu/libnss_compat-2.19.so
b69c9000-b69ca000 r--p 00006000 08:01 1180663    /lib/i386-linux-gnu/libnss_compat-2.19.so
b69ca000-b69cb000 rw-p 00007000 08:01 1180663    /lib/i386-linux-gnu/libnss_compat-2.19.so
b69d4000-b69dc000 rw-s 00000000 08:01 917771     /tmp/hsperfdata_mads/30419
b69dc000-b69ff000 r-xp 00000000 08:01 1312576    /usr/local/jdk1.7.0_65/jre/lib/i386/libjava.so
b69ff000-b6a00000 rw-p 00023000 08:01 1312576    /usr/local/jdk1.7.0_65/jre/lib/i386/libjava.so
b6a00000-b6a22000 rw-p 00000000 00:00 0 
b6a22000-b6b00000 ---p 00000000 00:00 0 
b6b06000-b6b0d000 r-xp 00000000 08:01 1180714    /lib/i386-linux-gnu/librt-2.19.so
b6b0d000-b6b0e000 r--p 00006000 08:01 1180714    /lib/i386-linux-gnu/librt-2.19.so
b6b0e000-b6b0f000 rw-p 00007000 08:01 1180714    /lib/i386-linux-gnu/librt-2.19.so
b6b0f000-b6b12000 ---p 00000000 00:00 0 
b6b12000-b6b60000 rw-p 00000000 00:00 0          [stack:30459]
b6b60000-b6ba4000 r-xp 00000000 08:01 1180642    /lib/i386-linux-gnu/libm-2.19.so
b6ba4000-b6ba5000 r--p 00043000 08:01 1180642    /lib/i386-linux-gnu/libm-2.19.so
b6ba5000-b6ba6000 rw-p 00044000 08:01 1180642    /lib/i386-linux-gnu/libm-2.19.so
b6ba6000-b7137000 r-xp 00000000 08:01 1312593    /usr/local/jdk1.7.0_65/jre/lib/i386/client/libjvm.so
b7137000-b7158000 rw-p 00591000 08:01 1312593    /usr/local/jdk1.7.0_65/jre/lib/i386/client/libjvm.so
b7158000-b7579000 rw-p 00000000 00:00 0 
b7579000-b7722000 r-xp 00000000 08:01 1180592    /lib/i386-linux-gnu/libc-2.19.so
b7722000-b7724000 r--p 001a9000 08:01 1180592    /lib/i386-linux-gnu/libc-2.19.so
b7724000-b7725000 rw-p 001ab000 08:01 1180592    /lib/i386-linux-gnu/libc-2.19.so
b7725000-b7728000 rw-p 00000000 00:00 0 
b7728000-b772b000 r-xp 00000000 08:01 1180609    /lib/i386-linux-gnu/libdl-2.19.so
b772b000-b772c000 r--p 00002000 08:01 1180609    /lib/i386-linux-gnu/libdl-2.19.so
b772c000-b772d000 rw-p 00003000 08:01 1180609    /lib/i386-linux-gnu/libdl-2.19.so
b772d000-b772e000 rw-p 00000000 00:00 0 
b772e000-b7741000 r-xp 00000000 08:01 1327558    /usr/local/jdk1.7.0_65/lib/i386/jli/libjli.so
b7741000-b7742000 rw-p 00012000 08:01 1327558    /usr/local/jdk1.7.0_65/lib/i386/jli/libjli.so
b7742000-b775a000 r-xp 00000000 08:01 1180706    /lib/i386-linux-gnu/libpthread-2.19.so
b775a000-b775b000 r--p 00017000 08:01 1180706    /lib/i386-linux-gnu/libpthread-2.19.so
b775b000-b775c000 rw-p 00018000 08:01 1180706    /lib/i386-linux-gnu/libpthread-2.19.so
b775c000-b775f000 rw-p 00000000 00:00 0 
b775f000-b7762000 rw-p 00000000 00:00 0 
b7762000-b7763000 r--p 00000000 00:00 0 
b7763000-b776e000 r-xp 00000000 08:01 1313386    /usr/local/jdk1.7.0_65/jre/lib/i386/libverify.so
b776e000-b776f000 rw-p 0000b000 08:01 1313386    /usr/local/jdk1.7.0_65/jre/lib/i386/libverify.so
b776f000-b7771000 rw-p 00000000 00:00 0 
b7771000-b7772000 r-xp 00000000 00:00 0          [vdso]
b7772000-b7792000 r-xp 00000000 08:01 1180568    /lib/i386-linux-gnu/ld-2.19.so
b7792000-b7793000 r--p 0001f000 08:01 1180568    /lib/i386-linux-gnu/ld-2.19.so
b7793000-b7794000 rw-p 00020000 08:01 1180568    /lib/i386-linux-gnu/ld-2.19.so
bf998000-bf999000 rwxp 00000000 00:00 0 
bf9cb000-bf9ec000 rw-p 00000000 00:00 0          [stack]

VM Arguments:
jvm_args: -Dactivator.home=/usr/local/activator-1.2.3-minimal -Xms1024m -Xmx1024m -XX:PermSize=64m -XX:MaxPermSize=256m 
java_command: /usr/local/activator-1.2.3-minimal/activator-launch-1.2.3.jar test
Launcher Type: SUN_STANDARD

Environment Variables:
JAVA_HOME=/usr/local/java
PATH=/usr/local/heroku/bin:/usr/local/sbin:/usr/local/bin:/usr/sbin:/usr/bin:/sbin:/bin:/usr/games:/usr/local/games:/usr/local/java/bin:/usr/local/activator-1.2.3-minimal/:/usr/local/sublime2
SHELL=/bin/bash
DISPLAY=:0.0

Signal Handlers:
SIGSEGV: [libjvm.so+0x50e2d0], sa_mask[0]=0x7ffbfeff, sa_flags=0x10000004
SIGBUS: [libjvm.so+0x50e2d0], sa_mask[0]=0x7ffbfeff, sa_flags=0x10000004
SIGFPE: [libjvm.so+0x404e80], sa_mask[0]=0x7ffbfeff, sa_flags=0x10000004
SIGPIPE: [libjvm.so+0x404e80], sa_mask[0]=0x7ffbfeff, sa_flags=0x10000004
SIGXFSZ: [libjvm.so+0x404e80], sa_mask[0]=0x7ffbfeff, sa_flags=0x10000004
SIGILL: [libjvm.so+0x404e80], sa_mask[0]=0x7ffbfeff, sa_flags=0x10000004
SIGUSR1: SIG_DFL, sa_mask[0]=0x00000000, sa_flags=0x00000000
SIGUSR2: [libjvm.so+0x406680], sa_mask[0]=0x00000000, sa_flags=0x10000004
SIGHUP: SIG_DFL, sa_mask[0]=0x00000000, sa_flags=0x00000000
SIGINT: SIG_DFL, sa_mask[0]=0x00000000, sa_flags=0x00000000
SIGTERM: SIG_DFL, sa_mask[0]=0x00000000, sa_flags=0x00000000
SIGQUIT: SIG_DFL, sa_mask[0]=0x00000000, sa_flags=0x00000000


---------------  S Y S T E M  ---------------

OS:jessie/sid

uname:Linux 3.13.0-32-generic #57-Ubuntu SMP Tue Jul 15 03:51:12 UTC 2014 i686
libc:glibc 2.19 NPTL 2.19 
rlimit: STACK 8192k, CORE 0k, NPROC 15977, NOFILE 4096, AS infinity
load average:0.52 0.38 0.41

/proc/meminfo:
MemTotal:        2064304 kB
MemFree:          276840 kB
Buffers:            6228 kB
Cached:           190740 kB
SwapCached:       330676 kB
Active:          1034416 kB
Inactive:         694528 kB
Active(anon):     944876 kB
Inactive(anon):   615804 kB
Active(file):      89540 kB
Inactive(file):    78724 kB
Unevictable:          32 kB
Mlocked:              32 kB
HighTotal:       1183688 kB
HighFree:         120588 kB
LowTotal:         880616 kB
LowFree:          156252 kB
SwapTotal:       1838076 kB
SwapFree:          38972 kB
Dirty:               108 kB
Writeback:             0 kB
AnonPages:       1201532 kB
Mapped:            82644 kB
Shmem:             28704 kB
Slab:              25464 kB
SReclaimable:      13104 kB
SUnreclaim:        12360 kB
KernelStack:        3944 kB
PageTables:        17144 kB
NFS_Unstable:          0 kB
Bounce:                0 kB
WritebackTmp:          0 kB
CommitLimit:     2870228 kB
Committed_AS:   10154092 kB
VmallocTotal:     122880 kB
VmallocUsed:       24956 kB
VmallocChunk:      93612 kB
HardwareCorrupted:     0 kB
AnonHugePages:    929792 kB
HugePages_Total:       0
HugePages_Free:        0
HugePages_Rsvd:        0
HugePages_Surp:        0
Hugepagesize:       2048 kB
DirectMap4k:       20472 kB
DirectMap2M:      892928 kB


CPU:total 1 (1 cores per cpu, 1 threads per core) family 6 model 23 stepping 10, cmov, cx8, fxsr, mmx, sse, sse2, sse3, ssse3, tsc

/proc/cpuinfo:
processor	: 0
vendor_id	: GenuineIntel
cpu family	: 6
model		: 23
model name	: Pentium(R) Dual-Core  CPU      E5800  @ 3.20GHz
stepping	: 10
microcode	: 0x60b
cpu MHz		: 3084.977
cache size	: 6144 KB
physical id	: 0
siblings	: 1
core id		: 0
cpu cores	: 1
apicid		: 0
initial apicid	: 0
fdiv_bug	: no
f00f_bug	: no
coma_bug	: no
fpu		: yes
fpu_exception	: yes
cpuid level	: 5
wp		: yes
flags		: fpu vme de pse tsc msr pae mce cx8 apic sep mtrr pge mca cmov pat pse36 clflush mmx fxsr sse sse2 nx constant_tsc pni monitor ssse3
bogomips	: 6169.95
clflush size	: 64
cache_alignment	: 64
address sizes	: 36 bits physical, 48 bits virtual
power management:



Memory: 4k page, physical 2064304k(276840k free), swap 1838076k(38972k free)

vm_info: Java HotSpot(TM) Client VM (24.65-b04) for linux-x86 JRE (1.7.0_65-b17), built on Jun 16 2014 20:32:26 by "java_re" with gcc 4.3.0 20080428 (Red Hat 4.3.0-8)

time: Wed Nov 12 23:26:18 2014
elapsed time: 0 seconds

